0 info it worked if it ends with ok
1 verbose cli [ 'C:\\Program Files\\nodejs\\\\node.exe',
1 verbose cli   'C:\\Program Files\\nodejs\\node_modules\\npm\\bin\\npm-cli.js',
1 verbose cli   'install',
1 verbose cli   'buzz*' ]
2 info using npm@2.5.1
3 info using node@v0.12.0
4 verbose node symlink C:\Program Files\nodejs\\node.exe
5 silly cache add args [ 'buzz*', null ]
6 verbose cache add spec buzz*
7 silly cache add parsed spec { raw: 'buzz*',
7 silly cache add   scope: null,
7 silly cache add   name: null,
7 silly cache add   rawSpec: 'buzz*',
7 silly cache add   spec: 'H:\\NodeProjects\\UP\\COS301\\phase3\\buzz*',
7 silly cache add   type: 'local' }
8 error addLocal Could not install H:\NodeProjects\UP\COS301\phase3\buzz*
9 verbose stack Error: ENOENT, open 'H:\NodeProjects\UP\COS301\phase3\buzz*'
9 verbose stack     at Error (native)
10 verbose cwd H:\NodeProjects\UP\COS301\phase3
11 error Windows_NT 6.3.9600
12 error argv "C:\\Program Files\\nodejs\\\\node.exe" "C:\\Program Files\\nodejs\\node_modules\\npm\\bin\\npm-cli.js" "install" "buzz*"
13 error node v0.12.0
14 error npm  v2.5.1
15 error path H:\NodeProjects\UP\COS301\phase3\buzz*
16 error code ENOENT
17 error errno -4058
18 error enoent ENOENT, open 'H:\NodeProjects\UP\COS301\phase3\buzz*'
18 error enoent This is most likely not a problem with npm itself
18 error enoent and is related to npm not being able to find a file.
19 verbose exit [ -4058, true ]
